Summary of SPARK analysis
=========================

--------------------------------------------------------------------------------------------------------
SPARK Analysis results        Total       Flow   Interval   CodePeer      Provers   Justified   Unproved
--------------------------------------------------------------------------------------------------------
Data Dependencies                 .          .          .          .            .           .          .
Flow Dependencies                 .          .          .          .            .           .          .
Initialization                    9          9          .          .            .           .          .
Non-Aliasing                      .          .          .          .            .           .          .
Run-time Checks                  13          .          .          .    13 (CVC4)           .          .
Assertions                        6          .          .          .     6 (CVC4)           .          .
Functional Contracts              1          .          .          .     1 (CVC4)           .          .
LSP Verification                  .          .          .          .            .           .          .
--------------------------------------------------------------------------------------------------------
Total                            29    9 (31%)          .          .     20 (69%)           .          .


Analyzed 2 units
in unit main, 0 subprograms and packages out of 1 analyzed
  Main at main.adb:4 skipped
in unit max2, 2 subprograms and packages out of 2 analyzed
  Max2 at max2.ads:1 flow analyzed (0 errors, 0 checks and 0 warnings) and proved (0 checks)
  Max2.FindMax2 at max2.ads:5 flow analyzed (0 errors, 0 checks and 0 warnings) and proved (20 checks)
