max2.adb:10:20: info: initialization of "Max_Found" proved[#0]
max2.adb:12:33: info: initialization of "Max_Found" proved[#1]
max2.adb:14:51: info: initialization of "Max_Found" proved[#3]
max2.adb:17:13: info: initialization of "Second_Max_Found" proved[#2]
max2.adb:22:33: info: loop invariant preservation proved[#16]
max2.adb:22:33: info: loop invariant initialization proved[#19]
max2.adb:22:64: info: index check proved[#17]
max2.adb:22:70: info: initialization of "Max_Found" proved[#4]
max2.adb:24:33: info: loop invariant preservation proved[#10]
max2.adb:24:33: info: loop invariant initialization proved[#12]
max2.adb:24:65: info: index check proved[#9]
max2.adb:24:70: info: initialization of "Max_Found" proved[#5]
max2.adb:29:33: info: loop invariant preservation proved[#25]
max2.adb:29:33: info: loop invariant initialization proved[#28]
max2.adb:29:67: info: index check proved[#27]
max2.adb:29:72: info: initialization of "Second_Max_Found" proved[#6]
max2.adb:30:71: info: index check proved[#13]
max2.adb:30:130: info: index check proved[#26]
max2.adb:30:138: info: index check proved[#23]
max2.adb:31:94: info: index check proved[#11]
max2.adb:31:99: info: initialization of "Max_Found" proved[#7]
max2.adb:35:14: info: initialization of "Second_Max_Found" proved[#8]
max2.ads:7:14: info: postcondition proved[#22]
max2.ads:9:55: info: index check proved[#20]
max2.ads:14:41: info: index check proved[#18]
max2.ads:14:48: info: index check proved[#15]
max2.ads:17:20: info: index check proved[#21]
max2.ads:18:44: info: index check proved[#14]
max2.ads:18:52: info: index check proved[#24]
