Summary of SPARK analysis
=========================

--------------------------------------------------------------------------------------------------------
SPARK Analysis results        Total       Flow   Interval   CodePeer      Provers   Justified   Unproved
--------------------------------------------------------------------------------------------------------
Data Dependencies                 .          .          .          .            .           .          .
Flow Dependencies                 .          .          .          .            .           .          .
Initialization                    2          2          .          .            .           .          .
Non-Aliasing                      .          .          .          .            .           .          .
Run-time Checks                  13          .          .          .    13 (CVC4)           .          .
Assertions                        2          .          .          .     2 (CVC4)           .          .
Functional Contracts              1          .          .          .     1 (CVC4)           .          .
LSP Verification                  .          .          .          .            .           .          .
--------------------------------------------------------------------------------------------------------
Total                            18    2 (11%)          .          .     16 (89%)           .          .


Analyzed 2 units
in unit main, 0 subprograms and packages out of 1 analyzed
  Main at main.adb:4 skipped
in unit rev, 1 subprograms and packages out of 1 analyzed
  Rev at rev.adb:1 flow analyzed (0 errors, 0 checks and 0 warnings) and proved (16 checks)
