Summary of SPARK analysis
=========================

--------------------------------------------------------------------------------------------------------
SPARK Analysis results        Total        Flow   Interval   CodePeer     Provers   Justified   Unproved
--------------------------------------------------------------------------------------------------------
Data Dependencies                 .           .          .          .           .           .          .
Flow Dependencies                 .           .          .          .           .           .          .
Initialization                   10          10          .          .           .           .          .
Non-Aliasing                      .           .          .          .           .           .          .
Run-time Checks                   9           .          .          .    9 (CVC4)           .          .
Assertions                        2           .          .          .    2 (CVC4)           .          .
Functional Contracts              1           .          .          .    1 (CVC4)           .          .
LSP Verification                  .           .          .          .           .           .          .
--------------------------------------------------------------------------------------------------------
Total                            22    10 (45%)          .          .    12 (55%)           .          .


Analyzed 2 units
in unit main, 0 subprograms and packages out of 1 analyzed
  Main at main.adb:4 skipped
in unit mult, 1 subprograms and packages out of 1 analyzed
  Mult at mult.adb:1 flow analyzed (0 errors, 0 checks and 0 warnings) and proved (12 checks)
