Summary of SPARK analysis
=========================

-------------------------------------------------------------------------------------------------------------------
SPARK Analysis results        Total      Flow   Interval   CodePeer                  Provers   Justified   Unproved
-------------------------------------------------------------------------------------------------------------------
Data Dependencies                 .         .          .          .                        .           .          .
Flow Dependencies                 .         .          .          .                        .           .          .
Initialization                    1         1          .          .                        .           .          .
Non-Aliasing                      .         .          .          .                        .           .          .
Run-time Checks                  39         .          .          .                39 (CVC4)           .          .
Assertions                       12         .          .          .    12 (CVC4 70%, Z3 30%)           .          .
Functional Contracts              7         .          .          .                 7 (CVC4)           .          .
LSP Verification                  .         .          .          .                        .           .          .
-------------------------------------------------------------------------------------------------------------------
Total                            59    1 (2%)          .          .                 58 (98%)           .          .


Analyzed 2 units
in unit bubble, 4 subprograms and packages out of 4 analyzed
  Bubble at bubble.ads:1 flow analyzed (0 errors, 0 checks and 0 warnings) and proved (0 checks)
  Bubble.Bubbled at bubble.ads:10 flow analyzed (0 errors, 0 checks and 0 warnings) and proved (7 checks)
  Bubble.Sort at bubble.ads:16 flow analyzed (0 errors, 0 checks and 0 warnings) and proved (42 checks)
  Bubble.Sorted at bubble.ads:4 flow analyzed (0 errors, 0 checks and 0 warnings) and proved (9 checks)
in unit main, 0 subprograms and packages out of 1 analyzed
  Main at main.adb:4 skipped
